[2019-12-24 17:36:23] local.ERROR: Too many arguments, expected arguments "command" "type". {"exception":"[object] (Symfony\\Component\\Console\\Exception\\RuntimeException(code: 0): Too many arguments, expected arguments \"command\" \"type\". at H:\\XAMPPH\\htdocs\\LARAVEL-VUEJS\\Laravel-Vue-js-Infinite-Scroll\\vendor\\symfony\\console\\Input\\ArgvInput.php:174)
[stacktrace]
#0 H:\\XAMPPH\\htdocs\\LARAVEL-VUEJS\\Laravel-Vue-js-Infinite-Scroll\\vendor\\symfony\\console\\Input\\ArgvInput.php(85): Symfony\\Component\\Console\\Input\\ArgvInput->parseArgument('\\xE2\\x80\\x93auth')
#1 H:\\XAMPPH\\htdocs\\LARAVEL-VUEJS\\Laravel-Vue-js-Infinite-Scroll\\vendor\\symfony\\console\\Input\\Input.php(55): Symfony\\Component\\Console\\Input\\ArgvInput->parse()
#2 H:\\XAMPPH\\htdocs\\LARAVEL-VUEJS\\Laravel-Vue-js-Infinite-Scroll\\vendor\\symfony\\console\\Command\\Command.php(214): Symfony\\Component\\Console\\Input\\Input->bind(Object(Symfony\\Component\\Console\\Input\\InputDefinition))
#3 H:\\XAMPPH\\htdocs\\LARAVEL-VUEJS\\Laravel-Vue-js-Infinite-Scroll\\vendor\\laravel\\framework\\src\\Illuminate\\Console\\Command.php(189): Symfony\\Component\\Console\\Command\\Command->run(Object(Symfony\\Component\\Console\\Input\\ArgvInput), Object(Illuminate\\Console\\OutputStyle))
#4 H:\\XAMPPH\\htdocs\\LARAVEL-VUEJS\\Laravel-Vue-js-Infinite-Scroll\\vendor\\symfony\\console\\Application.php(1011): Illuminate\\Console\\Command->run(Object(Symfony\\Component\\Console\\Input\\ArgvInput), Object(Symfony\\Component\\Console\\Output\\ConsoleOutput))
#5 H:\\XAMPPH\\htdocs\\LARAVEL-VUEJS\\Laravel-Vue-js-Infinite-Scroll\\vendor\\symfony\\console\\Application.php(272): Symfony\\Component\\Console\\Application->doRunCommand(Object(Laravel\\Ui\\UiCommand), Object(Symfony\\Component\\Console\\Input\\ArgvInput), Object(Symfony\\Component\\Console\\Output\\ConsoleOutput))
#6 H:\\XAMPPH\\htdocs\\LARAVEL-VUEJS\\Laravel-Vue-js-Infinite-Scroll\\vendor\\symfony\\console\\Application.php(148): Symfony\\Component\\Console\\Application->doRun(Object(Symfony\\Component\\Console\\Input\\ArgvInput), Object(Symfony\\Component\\Console\\Output\\ConsoleOutput))
#7 H:\\XAMPPH\\htdocs\\LARAVEL-VUEJS\\Laravel-Vue-js-Infinite-Scroll\\vendor\\laravel\\framework\\src\\Illuminate\\Console\\Application.php(93): Symfony\\Component\\Console\\Application->run(Object(Symfony\\Component\\Console\\Input\\ArgvInput), Object(Symfony\\Component\\Console\\Output\\ConsoleOutput))
#8 H:\\XAMPPH\\htdocs\\LARAVEL-VUEJS\\Laravel-Vue-js-Infinite-Scroll\\vendor\\laravel\\framework\\src\\Illuminate\\Foundation\\Console\\Kernel.php(131): Illuminate\\Console\\Application->run(Object(Symfony\\Component\\Console\\Input\\ArgvInput), Object(Symfony\\Component\\Console\\Output\\ConsoleOutput))
#9 H:\\XAMPPH\\htdocs\\LARAVEL-VUEJS\\Laravel-Vue-js-Infinite-Scroll\\artisan(37): Illuminate\\Foundation\\Console\\Kernel->handle(Object(Symfony\\Component\\Console\\Input\\ArgvInput), Object(Symfony\\Component\\Console\\Output\\ConsoleOutput))
#10 {main}
"} 
[2019-12-24 17:36:34] local.ERROR: Too many arguments, expected arguments "command" "type". {"exception":"[object] (Symfony\\Component\\Console\\Exception\\RuntimeException(code: 0): Too many arguments, expected arguments \"command\" \"type\". at H:\\XAMPPH\\htdocs\\LARAVEL-VUEJS\\Laravel-Vue-js-Infinite-Scroll\\vendor\\symfony\\console\\Input\\ArgvInput.php:174)
[stacktrace]
#0 H:\\XAMPPH\\htdocs\\LARAVEL-VUEJS\\Laravel-Vue-js-Infinite-Scroll\\vendor\\symfony\\console\\Input\\ArgvInput.php(85): Symfony\\Component\\Console\\Input\\ArgvInput->parseArgument('\\xE2\\x80\\x93auth')
#1 H:\\XAMPPH\\htdocs\\LARAVEL-VUEJS\\Laravel-Vue-js-Infinite-Scroll\\vendor\\symfony\\console\\Input\\Input.php(55): Symfony\\Component\\Console\\Input\\ArgvInput->parse()
#2 H:\\XAMPPH\\htdocs\\LARAVEL-VUEJS\\Laravel-Vue-js-Infinite-Scroll\\vendor\\symfony\\console\\Command\\Command.php(214): Symfony\\Component\\Console\\Input\\Input->bind(Object(Symfony\\Component\\Console\\Input\\InputDefinition))
#3 H:\\XAMPPH\\htdocs\\LARAVEL-VUEJS\\Laravel-Vue-js-Infinite-Scroll\\vendor\\laravel\\framework\\src\\Illuminate\\Console\\Command.php(189): Symfony\\Component\\Console\\Command\\Command->run(Object(Symfony\\Component\\Console\\Input\\ArgvInput), Object(Illuminate\\Console\\OutputStyle))
#4 H:\\XAMPPH\\htdocs\\LARAVEL-VUEJS\\Laravel-Vue-js-Infinite-Scroll\\vendor\\symfony\\console\\Application.php(1011): Illuminate\\Console\\Command->run(Object(Symfony\\Component\\Console\\Input\\ArgvInput), Object(Symfony\\Component\\Console\\Output\\ConsoleOutput))
#5 H:\\XAMPPH\\htdocs\\LARAVEL-VUEJS\\Laravel-Vue-js-Infinite-Scroll\\vendor\\symfony\\console\\Application.php(272): Symfony\\Component\\Console\\Application->doRunCommand(Object(Laravel\\Ui\\UiCommand), Object(Symfony\\Component\\Console\\Input\\ArgvInput), Object(Symfony\\Component\\Console\\Output\\ConsoleOutput))
#6 H:\\XAMPPH\\htdocs\\LARAVEL-VUEJS\\Laravel-Vue-js-Infinite-Scroll\\vendor\\symfony\\console\\Application.php(148): Symfony\\Component\\Console\\Application->doRun(Object(Symfony\\Component\\Console\\Input\\ArgvInput), Object(Symfony\\Component\\Console\\Output\\ConsoleOutput))
#7 H:\\XAMPPH\\htdocs\\LARAVEL-VUEJS\\Laravel-Vue-js-Infinite-Scroll\\vendor\\laravel\\framework\\src\\Illuminate\\Console\\Application.php(93): Symfony\\Component\\Console\\Application->run(Object(Symfony\\Component\\Console\\Input\\ArgvInput), Object(Symfony\\Component\\Console\\Output\\ConsoleOutput))
#8 H:\\XAMPPH\\htdocs\\LARAVEL-VUEJS\\Laravel-Vue-js-Infinite-Scroll\\vendor\\laravel\\framework\\src\\Illuminate\\Foundation\\Console\\Kernel.php(131): Illuminate\\Console\\Application->run(Object(Symfony\\Component\\Console\\Input\\ArgvInput), Object(Symfony\\Component\\Console\\Output\\ConsoleOutput))
#9 H:\\XAMPPH\\htdocs\\LARAVEL-VUEJS\\Laravel-Vue-js-Infinite-Scroll\\artisan(37): Illuminate\\Foundation\\Console\\Kernel->handle(Object(Symfony\\Component\\Console\\Input\\ArgvInput), Object(Symfony\\Component\\Console\\Output\\ConsoleOutput))
#10 {main}
"} 
